&ZATU
1  A, ZA
2  A*EN
3  A*CUBUR
4  A*U
5  A*ZATU672
6  A2
7  AB, EC3
8  AB*A
9  AB*AC2
10  AB*ZATU659
11  AB@g
12  AB2
13  AB2*TAR
14  AB2*numerals
15  ABGAL
16  ABRIG
17  ABZU
18  AD
19  ADAB
20  ADDA
21  AGA2?
22  AGAR2
23  AK
24  AL, MAH2?
25  ALAN
26  ALIM?
27  AM
28  AMA, DAGAL
29  AMAR
30  AMAR*TAR
31  AN, DINGIR
32  ANCE, ALIMx
33  APIN, ENGAR, URU4
34  ARARMA2
35  ARATTA?
36  ASAR, SILIG
37  AC, RUM, 1
38  AC2 not attested alone; see AB2*AC2
39  AZU?
40  BA, IGI
41  BAD
42  BAD.BAD
43  BAD.DIC
44  BAD3
45  BAHAR2
46  BALA
47  BALAG
48  BAN
49  BANCUR?
50  BAPPIR
51  BAR
52  BARA2
53  BARA3
54  BIR?
55  BIR3
56  BU, GID2, SU3
57  BU.A
58  BU*BU*NA2
59  BU.DU6
60  BU3, PUZUR5
61  BULUG
62  BULUG3, DIM4, MUNU4
63  BUR
64  BUR2, UCUM
65  DA
66  DAH
67  DAM
68  DANNA
69  DAR
70  DARA3, ALIMx?
71  DARA3*KAR2
72  DARA3*CE
73  DARA4
74  DARA4+BAD+BAD
75  DI, SA2
76  DIB
77  DILMUN
78  DIM
79  DIN
80  DIN@t
81  DIC
82  DU, GIN, GUB, IR10
83  DU6
84  DU7
85  DU8?
86  DUB, UM, KICIB
87  DUB+DIC
88  DUG
89  DUG*AB2
90  DUG*ANCE
91  DUG*AC
92  DUG*AC+KU3?
93  DUG*BA
94  DUG*BALA
95  DUG*BIR3
96  DUG*DIN
97  DUG*GA
98  DUG*GECTU
99  DUG*GI6
100  DUG*GIC
101  DUG*HI
102  DUG*HI@g
103  DUG*KASKAL
104  DUG*KU6
105  DUG*KUR
106  DUB*LAM
107  DUG*LAM+KUR
108  DUG*MAC
109  DUG*NAGA
110  DUG*SA
111  DUG*SA+GI
112  DUG*SI4
113  DUG*SIKI
114  DUG*SIG7, DUG*UGUR2
115  DUG*SUHUR
116  DUG*SUKUD
117  DUG*CAH2
118  DUG*CE
119  DUG*CE+NAM2
120  DUG*TAG4
121  DUG*TI
122  DUG*U2
123  DUG*UH3
124  DUG*ZATU764
125  DUGUD
126  DUR?
127  DUR2, SUH5?
128  E?
129  E2, LIL2
130  E2.KUR(KUR:E2)
131  E2*1
132  E3
133  EDIN
134  EN, RU12?, uru16?
135  EN.NUN
136  EN.UDU
137  EN@g
138  EN2
139  ENDIB(EN.ME.NUN)
140  ENGIZ(EN.ME.GI)
141  ENKUM(EN.NUN.ME.EZEN@s-SIG7)
142  EN.LIL2, NIBRU
143  ERIM, ERIN2
144  ERIM2(NE.RU)
145  ERIN, CEC4
146  EC16, 3
147  ECDA
148  ECDA*TAR
149  ECGAR
150  EZEN
151  EZEN*EN
152  EZEN*KAB
153  EZEN*NIM
154  EZEN*NIMGIR
155  EZEN*RAD
156  EZEN*SU
157  EZEN*U2+A
158  EZINU
159  GA
160  GA*U
161  GA*ZATU753
162  GA2, PISAN
163  GA2*AB
164  GA2*AC
165  GA2+BAD+DIC
166  GA2*DUB
167  GA2*GIR
168  GA2*GIC@t
169  GA2*GU3+CE3
170  GA2*HI
171  GA2*HI+SUHUR
172  GA2*KU3
173  GA2*KU6
174  GA2*KU6+KU6
175  GA2*KUR?
176  GA2*MAC
177  GA2*NAGA
178  GA2*NI
179  GA2*SUHUR
180  GA2*SUKUD
181  GA2*SUMAC
182  GA2*U
183  GA2*U4
184  GAAR
185  GABURRA
186  GADA
187  GADA@g
188  GAL
189  GALGA
190  GAN
191  GAN*GIC+DIN
192  GAN*LAGAB
193  GAN*NE
194  GAN*CE
195  GANA2
196  GAR, NIG2, NINDA
197  GAR@g
198  GAR3
199  GARA2
200  GAZI
201  GEME2
202  GECTIN
203  GECTU
204  GI, SIG7
205  GI.GI.SIKI
206  GI.GI.CE3
207  GI*GIC@t
208  GI.LAGAB
209  GI.NAM2
210  GI.SIKI
211  GI*U
212  GI4
213  GI6, MI
214  GIBIL
215  GIBIL6
216  GIR, PEC
217  GIR@g
218  GIR2
219  GIR3
220  GIR3.CE
221  GIR3@g
222  GISAL?
223  GIC
224  GIC+DIN+DIN
225  GIC+LA2
226  GIC.TE
227  GIC@t
228  GIC3
229  GICGAL
230  GICIMMAR, SA6
231  GIZZALx
232  GU
233  GU2?
234  GU4
235  GU7
236  GUB3
237  GUG2, GAR5, LU3
238  GUG2*SILA3
239  GUG2*TUR
240  GUKKAL
241  GUKKAL.HI@g
242  GUL?
243  GUM, NAGA4
244  GUM@n
245  GUN3
246  GUR
247  GURUC
248  GURUC.TAR
249  GURUCDA
250  HAL
251  HALUB
252  HACHUR
253  HACHUR@g
254  HI, DU10, CAR2
255  HI*AC
256  HI.SUHUR
257  HI*ZATU707
258  HI@g
259  I, 5
260  IB
261  IDIGNA
262  IL
263  ILDUM
264  IM
265  IN?
266  IN+A
267  IR
268  IR3, ARAD2
269  IRHAN
270  IC, SAHAR
271  KA
272  KA.GI
273  KA.SAR
274  KA.CE
275  KA2
276  KA+LAM
277  KAB
278  KAB+DIC
279  KAD4
280  GAG, DU3, RU2
281  KAL
282  KALAM, UN
283  KAR
284  KAR2
285  KASKAL, KAS
286  KAC
287  KAC*AC
288  KAC+CE
289  KI
290  KIB
291  KID
292  KIN, GUR10
293  KIN2
294  KINGAL
295  KISAL
296  KISIM?
297  KIC
298  KICIK, ADDA4, UL4?
299  KITI(BU.KALAM)
300  KU, DAB5
301  KU3
302  KU6, HA, PEC11
303  KU6.KU6
304  KUR
305  KUCU2
306  LA
307  LA2
308  LAGAB, GIRIM, NIGIN2
309  LAGAB*BANCUR
310  LAGAB*DU6
311  LAGAB*GAAR
312  LAGAB*HI
313  LAGAB*KU6
314  LAGAB*KUCU2
315  LAGAB*ME
316  LAGAB*NUN
317  LAGAB*PA
318  LAGAB*CA
319  LAGAB*CITA
320  LAGAB*TAR
321  LAGAB*ZATU753
322  LAGAB*ZATU766
323  LAGAR
324  LAHTAN2
325  LAL2
326  LAL2*EZEN
327  LAL3
328  LAM
329  LAM.KUR
330  LI
331  LIC, DILIM2
332  LU2
333  LU2.GECTU
334  LUGAL
335  LUM, GUM2, GUZ
336  MA, PEC3
337  MA*A
338  MA@g
339  MA2
340  MAGUR(MA2*UR5 or MA2*SIKI)
341  MAH?
342  MAH*GUKKAL
343  MAH*KU6
344  MAH*MAC
345  MAH*SAL
346  MAH*SILA3+UMBIN
347  MAH*TUG2
348  MAH*UD5/UZ3)
349  MAH*UDU
350  MAH*UR
351  MAH*UTUA
352  MAR
353  MAR*LAGAB+CE
354  MAR*CE
355  MAC
356  MAC.GANA2
357  MAC2, MACNITA
358  ME, ICIB
359  ME3
360  MEN
361  MES
362  MIR
363  MU, MUHALDIM
364  MUD
365  MUD3
366  MUD3@g
367  MUL
368  MUN
369  MUNCUB, AGAN, CUB4
370  MUNU3
371  MURUB2(SAL.LAGAR)
372  MURUB3(EN.ME.LAGAR)
373  MUC
374  MUC3, INANNA
375  MUC3@g
376  MUCEN
377  MUCEN.UR3
378  NA
379  NA2
380  NAB
381  NAGA, EREC2, NISABA2, UGA
382  NAGAR, BULUG4
383  NAM, SIM
384  NAM2, TASKARIN
385  NAM2*1
386  NAM2@g
387  NAMECDA(E­DA+NAM)
388  NANNA
389  NANCE, SIRARA
390  NAR, KA5, LUL
391  NE, IZI, LAM2, ZIx?
392  NERGALx(GIR3.AB)
393  NI, I3, LID2
394  NI@g
395  NI@g*HI@g
396  NI2
397  NIGIN
398  NIM, CANDANAx
399  NIMGIR
400  NIN
401  NINDA2
402  NINDA2*BA
403  NINDA2*EZEN
404  NINDA2*GAR
405  NINDA2*GIC
406  NINDA2*GUDU4
407  NINDA2*HI
408  NINDA2*MAR
409  NINDA2*U4
410  NINDA2*UDU+TAR
411  NINDA2*numerals
412  NINKUM
413  NINLIL, AGRUN(E2.NUN)
414  NIR
415  NIR+AN
416  NISAG
417  NU
418  NU@g
419  NU11
420  NUMUN2
421  NUN, AGARGARA?, ERIDU
422  NUN+A
423  NUNUZ, NA4, NUZ, ZA2
424  NUNUZ+3
425  PA, UGULA
426  PAD?, CUKUR?
427  PAP, PA4
428  PIRIG, ALIMx
429  PIRIG+3
430  PU2, GIGIR, TUL2
431  RA
432  RAD
433  RAD@g
434  RI8(BU.BU or SU3.SU3)
435  RU
436  SA
437  SAG
438  SAG+GECTU
439  SAG+MA
440  SAG+U
441  SAG@n
442  SAGCU?
443  SAL, MI2, MUNUS
444  SANGA, UMBISAG
445  SAR
446  SAR+KU6
447  SI, Ux
448  SI+GU4
449  SI+CE3
450  SI4
451  SIG
452  SIKI
453  SIKI*U
454  SIG4
455  SIG7, UGUR2
456  SILA3
457  SILA3+A
458  SILA3+DUG
459  SILA3+GA
460  SILA3+GAR
461  SILA3+GARA2
462  SILA3+GECTU
463  SILA3+HACHUR
464  SILA3+HI
465  SILA3+HI@g
466  SILA3+IB
467  SILA3+KAC
468  SILA3+KUR
469  SILA3+LAM+KUR
470  SILA3+MAC
471  SILA3+NAGA
472  SILA3+NI
473  SILA3+PEC3
474  SILA3+SUM
475  SILA3+CE
476  SILA3+CU
477  SILA3+CU2
478  SILA3+TU+ZATU659
479  SILA3+UD5/UZ3
480  SILA3+ZATU687
481  SILA3+numerals
482  SILA4
483  SILANITA(SILA4.NITA)
484  SIMUG
485  SU, KUC, ZU
486  SU*DIC
487  SU3
488  SUG, AMBAR
489  SUG5
490  SUH3
491  SUHUR
492  SUKKAL
493  SUKUD
494  SUKUD+SUKUD?
495  SUKUD@g
496  SUM
497  SUMAC
498  SUR
499  SUSA(MUC3.EREN)
500  CA, NA5
501  CA*HI@g
502  CA@g
503  CA3
504  CAB(PA.IB)
505  CABRA(PA.AL)
506  CAGAN
507  CAGINA(GIRI3.NITA)
508  CAH2, DUN
509  CAKIR?(DUG*NI)
510  CAM2
511  CE
512  CE+KIN2
513  CE+NAM2
514  CE+SAR
515  CE+CE
516  CE3, EC2, GI7
517  CE+1
518  CE@t
519  CEG9
520  CELU(CE.GUG2)
521  CEN
522  CENNUR, ULUL?
523  CEC?
524  CIDIM
525  CIM
526  CIR
527  CITA
528  CITA+CU
529  CITA*ZATU659
530  CITA@g
531  CITA@g*NI
532  CU
533  CU@g
534  CU2
535  CU2+E2
536  CU2+EN
537  CU2+U4
538  CU12(KA*CU)
539  CUBUR
540  CUBUR+numerals
541  CUM
542  CUNIGIN(CU.NIGIN2)
543  CUR2
544  CURUPPAK, SUD3(KUR.RU)
545  TA
546  TAB, MIN, 2
547  TAG, CERIM
548  TAG4, CUx
549  TAR, KU5, KUD
550  TE, ACGI, GAL5?, TIRUx
551  TI
552  TIDNUM(GIR3.PIRIG)
553  TILLAx(AN.AC.AN)
554  TU
555  TUG2
556  TUG2+BAD+BAD
557  TUG2@g
558  TUG2@g+BAD+BAD
559  TUKU
560  TUM, IB2
561  TUN3, DUN3, GIN2
562  TUR, DUMU, BANDA3
563  TUR3
564  U, 10
565  U2
566  U4, BABBAR
567  U4+AB
568  U4+CU2
569  U4+numerals
570  U4@g
571  U8
572  UB
573  UBI?
574  UD5
575  UDU, LU
576  UDU*TAR
577  UDU+numerals
578  UDUNITA(UDU.NITA)
579  UH3, UMMA
580  UKKIN, KIN5
581  UMBIN?
582  UMUN2, DIM6
583  UNUG, GUN4
584  UNUG+A
585  UNUG@s
586  UR
587  UR@g
588  UR2, URUM?
589  UR2*AC
590  UR2
591  UR3
592  UR4
593  UR5
594  URI, KINDA2
595  URI3?
596  URI5
597  URU
598  URU*AMAR
599  URU*KALAM
600  URU*NIMGIR
601  URU+numerals
602  URUDU
603  URUDU@g
604  UC, NITA
605  UC*TAR
606  UC2, TIL, UG7
607  UCUMGAL
608  UCUR3, CUR5
609  UTUA
610  UTUL
611  UZ
612  ZAx
613  ZABALAM(MUC3*AB, MUC3*UNUG)
614  ZADIM?
615  ZA3, ENKU
616  ZAR
617  ZI
618  ZIZ2
619  ZUBI?(PAP.NA2)
